<?xml version="1.0" encoding="UTF-8"?>
<!-- Generated by org.testng.reporters.JUnitReportReporter -->
<testsuite skipped="0" hostname="DESKTOP-SDB8KDN" name="com.crm.qa.testcases.HomePageTest" tests="3" failures="0" timestamp="26 Oct 2017 13:41:52 GMT" time="37.083" errors="0">
  <testcase name="verifyHomePageTitleTest" time="13.194" classname="com.crm.qa.testcases.HomePageTest"/>
  <testcase name="verifyUserNameTest" time="13.533" classname="com.crm.qa.testcases.HomePageTest"/>
  <testcase name="vefiryContactsLinkTest" time="10.356" classname="com.crm.qa.testcases.HomePageTest"/>
</testsuite> <!-- com.crm.qa.testcases.HomePageTest -->
