<?xml version="1.0" encoding="UTF-8"?>
<!-- Generated by org.testng.reporters.JUnitReportReporter -->
<testsuite skipped="0" hostname="DESKTOP-SDB8KDN" name="com.crm.qa.testcases.HomePageTest" tests="3" failures="0" timestamp="26 Oct 2017 14:15:54 GMT" time="29.459" errors="0">
  <testcase name="verifyHomePageTitleTest" time="9.470" classname="com.crm.qa.testcases.HomePageTest"/>
  <testcase name="verifyUserNameTest" time="9.761" classname="com.crm.qa.testcases.HomePageTest"/>
  <testcase name="vefiryContactsLinkTest" time="10.228" classname="com.crm.qa.testcases.HomePageTest"/>
</testsuite> <!-- com.crm.qa.testcases.HomePageTest -->
