<?xml version="1.0" encoding="UTF-8"?>
<!-- Generated by org.testng.reporters.JUnitReportReporter -->
<testsuite skipped="0" hostname="DESKTOP-SDB8KDN" name="com.crm.qa.testcases.LoginPageTest" tests="3" failures="0" timestamp="26 Oct 2017 14:15:54 GMT" time="19.463" errors="0">
  <testcase name="loginPageTitleTest" time="5.179" classname="com.crm.qa.testcases.LoginPageTest"/>
  <testcase name="crmLogoImageTest" time="5.078" classname="com.crm.qa.testcases.LoginPageTest"/>
  <testcase name="loginTest" time="9.206" classname="com.crm.qa.testcases.LoginPageTest"/>
</testsuite> <!-- com.crm.qa.testcases.LoginPageTest -->
